<?xml version="1.0" encoding="UTF-8"?>
<!-- Generated by org.testng.reporters.JUnitReportReporter -->
<testsuite hostname="DESKTOP-VMIRMDG" failures="0" tests="1" name="GIT.Practice02.Day01User02ByUS" time="0.011" errors="0" timestamp="2023-08-09T16:18:50 IST" skipped="0">
  <testcase classname="GIT.Practice02.Day01User02ByUS" name="Day01Work02" time="0.011"/>
</testsuite> <!-- GIT.Practice02.Day01User02ByUS -->
